[debug] [2021-07-29T23:54:29.683Z] ----------------------------------------------------------------------
[debug] [2021-07-29T23:54:29.685Z] Command:       /usr/local/bin/node /usr/local/bin/firebase deploy
[debug] [2021-07-29T23:54:29.686Z] CLI Version:   9.1.0
[debug] [2021-07-29T23:54:29.686Z] Platform:      darwin
[debug] [2021-07-29T23:54:29.686Z] Node Version:  v12.14.1
[debug] [2021-07-29T23:54:29.687Z] Time:          Fri Jul 30 2021 08:54:29 GMT+0900 (GMT+09:00)
[debug] [2021-07-29T23:54:29.688Z] ----------------------------------------------------------------------
[debug] [2021-07-29T23:54:29.688Z] 
[debug] [2021-07-29T23:54:29.690Z] >>> [apiv2][query] GET https://firebase-public.firebaseio.com/cli.json [none]
[debug] [2021-07-29T23:54:29.722Z] > command requires scopes: ["email","openid","https://www.googleapis.com/auth/cloudplatformprojects.readonly","https://www.googleapis.com/auth/firebase","https://www.googleapis.com/auth/cloud-platform"]
[debug] [2021-07-29T23:54:29.723Z] > authorizing via signed-in user
[debug] [2021-07-29T23:54:29.723Z] [iam] checking project recipe-app-1435a for permissions ["firebase.projects.get","firebasehosting.sites.update"]
[debug] [2021-07-29T23:54:29.725Z] > refreshing access token with scopes: ["email","https://www.googleapis.com/auth/cloud-platform","https://www.googleapis.com/auth/cloudplatformprojects.readonly","https://www.googleapis.com/auth/firebase","openid"]
[debug] [2021-07-29T23:54:29.725Z] >>> HTTP REQUEST POST https://www.googleapis.com/oauth2/v3/token  
 <request body omitted>
[debug] [2021-07-29T23:54:29.878Z] <<< HTTP RESPONSE 400 {"pragma":"no-cache","cache-control":"no-cache, no-store, max-age=0, must-revalidate","date":"Thu, 29 Jul 2021 23:54:29 GMT","expires":"Mon, 01 Jan 1990 00:00:00 GMT","content-type":"application/json; charset=utf-8","vary":"X-Origin, Referer, Origin,Accept-Encoding","server":"scaffolding on HTTPServer2","x-xss-protection":"0","x-frame-options":"SAMEORIGIN","x-content-type-options":"nosniff","alt-svc":"h3=\":443\"; ma=2592000,h3-29=\":443\"; ma=2592000,h3-T051=\":443\"; ma=2592000,h3-Q050=\":443\"; ma=2592000,h3-Q046=\":443\"; ma=2592000,h3-Q043=\":443\"; ma=2592000,quic=\":443\"; ma=2592000; v=\"46,43\"","accept-ranges":"none","transfer-encoding":"chunked"}
[debug] [2021-07-29T23:54:29.879Z] >>> HTTP REQUEST POST https://cloudresourcemanager.googleapis.com/v1/projects/recipe-app-1435a:testIamPermissions  
 {"permissions":["firebase.projects.get","firebasehosting.sites.update"]}
[debug] [2021-07-29T23:54:30.309Z] <<< [apiv2][status] GET https://firebase-public.firebaseio.com/cli.json 200
[debug] [2021-07-29T23:54:30.310Z] <<< [apiv2][body] GET https://firebase-public.firebaseio.com/cli.json {"cloudBuildErrorAfter":1594252800000,"cloudBuildWarnAfter":1590019200000,"defaultNode10After":1594252800000,"minVersion":"3.0.5","node8DeploysDisabledAfter":1613390400000,"node8RuntimeDisabledAfter":1615809600000,"node8WarnAfter":1600128000000}
[debug] [2021-07-29T23:54:30.730Z] <<< HTTP RESPONSE 401 {"www-authenticate":"Bearer realm=\"https://accounts.google.com/\", error=\"invalid_token\"","vary":"X-Origin, Referer, Origin,Accept-Encoding","content-type":"application/json; charset=UTF-8","date":"Thu, 29 Jul 2021 23:54:30 GMT","server":"ESF","cache-control":"private","x-xss-protection":"0","x-frame-options":"SAMEORIGIN","x-content-type-options":"nosniff","server-timing":"gfet4t7; dur=655","alt-svc":"h3=\":443\"; ma=2592000,h3-29=\":443\"; ma=2592000,h3-T051=\":443\"; ma=2592000,h3-Q050=\":443\"; ma=2592000,h3-Q046=\":443\"; ma=2592000,h3-Q043=\":443\"; ma=2592000,quic=\":443\"; ma=2592000; v=\"46,43\"","accept-ranges":"none","transfer-encoding":"chunked"}
[debug] [2021-07-29T23:54:30.730Z] <<< HTTP RESPONSE BODY {"error":{"code":401,"message":"Request had invalid authentication credentials. Expected OAuth 2 access token, login cookie or other valid authentication credential. See https://developers.google.com/identity/sign-in/web/devconsole-project.","status":"UNAUTHENTICATED"}}
[debug] [2021-07-29T23:54:30.732Z] [iam] error while checking permissions, command may fail: FirebaseError: HTTP Error: 401, Request had invalid authentication credentials. Expected OAuth 2 access token, login cookie or other valid authentication credential. See https://developers.google.com/identity/sign-in/web/devconsole-project.
[debug] [2021-07-29T23:54:30.733Z] > refreshing access token with scopes: ["email","https://www.googleapis.com/auth/cloud-platform","https://www.googleapis.com/auth/cloudplatformprojects.readonly","https://www.googleapis.com/auth/firebase","openid"]
[debug] [2021-07-29T23:54:30.733Z] >>> HTTP REQUEST POST https://www.googleapis.com/oauth2/v3/token  
 <request body omitted>
[debug] [2021-07-29T23:54:30.887Z] <<< HTTP RESPONSE 400 {"pragma":"no-cache","date":"Thu, 29 Jul 2021 23:54:30 GMT","expires":"Mon, 01 Jan 1990 00:00:00 GMT","cache-control":"no-cache, no-store, max-age=0, must-revalidate","content-type":"application/json; charset=utf-8","vary":"X-Origin, Referer, Origin,Accept-Encoding","server":"scaffolding on HTTPServer2","x-xss-protection":"0","x-frame-options":"SAMEORIGIN","x-content-type-options":"nosniff","alt-svc":"h3=\":443\"; ma=2592000,h3-29=\":443\"; ma=2592000,h3-T051=\":443\"; ma=2592000,h3-Q050=\":443\"; ma=2592000,h3-Q046=\":443\"; ma=2592000,h3-Q043=\":443\"; ma=2592000,quic=\":443\"; ma=2592000; v=\"46,43\"","accept-ranges":"none","transfer-encoding":"chunked"}
[debug] [2021-07-29T23:54:30.887Z] >>> HTTP REQUEST GET https://firebase.googleapis.com/v1beta1/projects/recipe-app-1435a  
 
[debug] [2021-07-29T23:54:31.309Z] <<< HTTP RESPONSE 401 {"www-authenticate":"Bearer realm=\"https://accounts.google.com/\", error=\"invalid_token\"","vary":"X-Origin, Referer, Origin,Accept-Encoding","content-type":"application/json; charset=UTF-8","date":"Thu, 29 Jul 2021 23:54:31 GMT","server":"ESF","cache-control":"private","x-xss-protection":"0","x-frame-options":"SAMEORIGIN","x-content-type-options":"nosniff","alt-svc":"h3=\":443\"; ma=2592000,h3-29=\":443\"; ma=2592000,h3-T051=\":443\"; ma=2592000,h3-Q050=\":443\"; ma=2592000,h3-Q046=\":443\"; ma=2592000,h3-Q043=\":443\"; ma=2592000,quic=\":443\"; ma=2592000; v=\"46,43\"","accept-ranges":"none","transfer-encoding":"chunked"}
[debug] [2021-07-29T23:54:31.309Z] <<< HTTP RESPONSE BODY {"error":{"code":401,"message":"Request had invalid authentication credentials. Expected OAuth 2 access token, login cookie or other valid authentication credential. See https://developers.google.com/identity/sign-in/web/devconsole-project.","status":"UNAUTHENTICATED"}}
[debug] [2021-07-29T23:54:31.309Z] HTTP Error: 401, Request had invalid authentication credentials. Expected OAuth 2 access token, login cookie or other valid authentication credential. See https://developers.google.com/identity/sign-in/web/devconsole-project.
[debug] [2021-07-29T23:54:31.430Z] FirebaseError: HTTP Error: 401, Request had invalid authentication credentials. Expected OAuth 2 access token, login cookie or other valid authentication credential. See https://developers.google.com/identity/sign-in/web/devconsole-project.
    at module.exports (/Users/tomona_s/.config/yarn/global/node_modules/firebase-tools/lib/responseToError.js:38:12)
    at Request._callback (/Users/tomona_s/.config/yarn/global/node_modules/firebase-tools/lib/api.js:41:35)
    at Request.self.callback (/Users/tomona_s/.config/yarn/global/node_modules/request/request.js:185:22)
    at Request.emit (events.js:223:5)
    at Request.EventEmitter.emit (domain.js:475:20)
    at Request.<anonymous> (/Users/tomona_s/.config/yarn/global/node_modules/request/request.js:1154:10)
    at Request.emit (events.js:223:5)
    at Request.EventEmitter.emit (domain.js:475:20)
    at IncomingMessage.<anonymous> (/Users/tomona_s/.config/yarn/global/node_modules/request/request.js:1076:12)
    at Object.onceWrapper (events.js:312:28)
    at IncomingMessage.emit (events.js:228:7)
    at IncomingMessage.EventEmitter.emit (domain.js:475:20)
    at endReadableNT (_stream_readable.js:1185:12)
    at processTicksAndRejections (internal/process/task_queues.js:81:21)
[error] 
[error] Error: Failed to get Firebase project recipe-app-1435a. Please make sure the project exists and your account has permission to access it.
[debug] [2021-07-29T23:58:05.438Z] ----------------------------------------------------------------------
[debug] [2021-07-29T23:58:05.440Z] Command:       /usr/local/bin/node /usr/local/bin/firebase deploy
[debug] [2021-07-29T23:58:05.440Z] CLI Version:   9.1.0
[debug] [2021-07-29T23:58:05.440Z] Platform:      darwin
[debug] [2021-07-29T23:58:05.441Z] Node Version:  v12.14.1
[debug] [2021-07-29T23:58:05.441Z] Time:          Fri Jul 30 2021 08:58:05 GMT+0900 (GMT+09:00)
[debug] [2021-07-29T23:58:05.441Z] ----------------------------------------------------------------------
[debug] [2021-07-29T23:58:05.441Z] 
[debug] [2021-07-29T23:58:05.449Z] > command requires scopes: ["email","openid","https://www.googleapis.com/auth/cloudplatformprojects.readonly","https://www.googleapis.com/auth/firebase","https://www.googleapis.com/auth/cloud-platform"]
[debug] [2021-07-29T23:58:05.449Z] > authorizing via signed-in user
[debug] [2021-07-29T23:58:05.450Z] [iam] checking project recipe-app-1435a for permissions ["firebase.projects.get","firebasehosting.sites.update"]
[debug] [2021-07-29T23:58:05.452Z] > refreshing access token with scopes: ["email","https://www.googleapis.com/auth/cloud-platform","https://www.googleapis.com/auth/cloudplatformprojects.readonly","https://www.googleapis.com/auth/firebase","openid"]
[debug] [2021-07-29T23:58:05.452Z] >>> HTTP REQUEST POST https://www.googleapis.com/oauth2/v3/token  
 <request body omitted>
[debug] [2021-07-29T23:58:05.633Z] <<< HTTP RESPONSE 400 {"date":"Thu, 29 Jul 2021 23:58:05 GMT","cache-control":"no-cache, no-store, max-age=0, must-revalidate","expires":"Mon, 01 Jan 1990 00:00:00 GMT","pragma":"no-cache","content-type":"application/json; charset=utf-8","vary":"X-Origin, Referer, Origin,Accept-Encoding","server":"scaffolding on HTTPServer2","x-xss-protection":"0","x-frame-options":"SAMEORIGIN","x-content-type-options":"nosniff","alt-svc":"h3=\":443\"; ma=2592000,h3-29=\":443\"; ma=2592000,h3-T051=\":443\"; ma=2592000,h3-Q050=\":443\"; ma=2592000,h3-Q046=\":443\"; ma=2592000,h3-Q043=\":443\"; ma=2592000,quic=\":443\"; ma=2592000; v=\"46,43\"","accept-ranges":"none","transfer-encoding":"chunked"}
[debug] [2021-07-29T23:58:05.634Z] >>> HTTP REQUEST POST https://cloudresourcemanager.googleapis.com/v1/projects/recipe-app-1435a:testIamPermissions  
 {"permissions":["firebase.projects.get","firebasehosting.sites.update"]}
[debug] [2021-07-29T23:58:06.435Z] <<< HTTP RESPONSE 401 {"www-authenticate":"Bearer realm=\"https://accounts.google.com/\", error=\"invalid_token\"","vary":"X-Origin, Referer, Origin,Accept-Encoding","content-type":"application/json; charset=UTF-8","date":"Thu, 29 Jul 2021 23:58:06 GMT","server":"ESF","cache-control":"private","x-xss-protection":"0","x-frame-options":"SAMEORIGIN","x-content-type-options":"nosniff","server-timing":"gfet4t7; dur=671","alt-svc":"h3=\":443\"; ma=2592000,h3-29=\":443\"; ma=2592000,h3-T051=\":443\"; ma=2592000,h3-Q050=\":443\"; ma=2592000,h3-Q046=\":443\"; ma=2592000,h3-Q043=\":443\"; ma=2592000,quic=\":443\"; ma=2592000; v=\"46,43\"","accept-ranges":"none","transfer-encoding":"chunked"}
[debug] [2021-07-29T23:58:06.436Z] <<< HTTP RESPONSE BODY {"error":{"code":401,"message":"Request had invalid authentication credentials. Expected OAuth 2 access token, login cookie or other valid authentication credential. See https://developers.google.com/identity/sign-in/web/devconsole-project.","status":"UNAUTHENTICATED"}}
[debug] [2021-07-29T23:58:06.437Z] [iam] error while checking permissions, command may fail: FirebaseError: HTTP Error: 401, Request had invalid authentication credentials. Expected OAuth 2 access token, login cookie or other valid authentication credential. See https://developers.google.com/identity/sign-in/web/devconsole-project.
[debug] [2021-07-29T23:58:06.437Z] > refreshing access token with scopes: ["email","https://www.googleapis.com/auth/cloud-platform","https://www.googleapis.com/auth/cloudplatformprojects.readonly","https://www.googleapis.com/auth/firebase","openid"]
[debug] [2021-07-29T23:58:06.437Z] >>> HTTP REQUEST POST https://www.googleapis.com/oauth2/v3/token  
 <request body omitted>
[debug] [2021-07-29T23:58:06.605Z] <<< HTTP RESPONSE 400 {"pragma":"no-cache","date":"Thu, 29 Jul 2021 23:58:06 GMT","cache-control":"no-cache, no-store, max-age=0, must-revalidate","expires":"Mon, 01 Jan 1990 00:00:00 GMT","content-type":"application/json; charset=utf-8","vary":"X-Origin, Referer, Origin,Accept-Encoding","server":"scaffolding on HTTPServer2","x-xss-protection":"0","x-frame-options":"SAMEORIGIN","x-content-type-options":"nosniff","alt-svc":"h3=\":443\"; ma=2592000,h3-29=\":443\"; ma=2592000,h3-T051=\":443\"; ma=2592000,h3-Q050=\":443\"; ma=2592000,h3-Q046=\":443\"; ma=2592000,h3-Q043=\":443\"; ma=2592000,quic=\":443\"; ma=2592000; v=\"46,43\"","accept-ranges":"none","transfer-encoding":"chunked"}
[debug] [2021-07-29T23:58:06.606Z] >>> HTTP REQUEST GET https://firebase.googleapis.com/v1beta1/projects/recipe-app-1435a  
 
[debug] [2021-07-29T23:58:07.091Z] <<< HTTP RESPONSE 401 {"www-authenticate":"Bearer realm=\"https://accounts.google.com/\", error=\"invalid_token\"","vary":"X-Origin, Referer, Origin,Accept-Encoding","content-type":"application/json; charset=UTF-8","date":"Thu, 29 Jul 2021 23:58:07 GMT","server":"ESF","cache-control":"private","x-xss-protection":"0","x-frame-options":"SAMEORIGIN","x-content-type-options":"nosniff","alt-svc":"h3=\":443\"; ma=2592000,h3-29=\":443\"; ma=2592000,h3-T051=\":443\"; ma=2592000,h3-Q050=\":443\"; ma=2592000,h3-Q046=\":443\"; ma=2592000,h3-Q043=\":443\"; ma=2592000,quic=\":443\"; ma=2592000; v=\"46,43\"","accept-ranges":"none","transfer-encoding":"chunked"}
[debug] [2021-07-29T23:58:07.091Z] <<< HTTP RESPONSE BODY {"error":{"code":401,"message":"Request had invalid authentication credentials. Expected OAuth 2 access token, login cookie or other valid authentication credential. See https://developers.google.com/identity/sign-in/web/devconsole-project.","status":"UNAUTHENTICATED"}}
[debug] [2021-07-29T23:58:07.091Z] HTTP Error: 401, Request had invalid authentication credentials. Expected OAuth 2 access token, login cookie or other valid authentication credential. See https://developers.google.com/identity/sign-in/web/devconsole-project.
[debug] [2021-07-29T23:58:07.212Z] FirebaseError: HTTP Error: 401, Request had invalid authentication credentials. Expected OAuth 2 access token, login cookie or other valid authentication credential. See https://developers.google.com/identity/sign-in/web/devconsole-project.
    at module.exports (/Users/tomona_s/.config/yarn/global/node_modules/firebase-tools/lib/responseToError.js:38:12)
    at Request._callback (/Users/tomona_s/.config/yarn/global/node_modules/firebase-tools/lib/api.js:41:35)
    at Request.self.callback (/Users/tomona_s/.config/yarn/global/node_modules/request/request.js:185:22)
    at Request.emit (events.js:223:5)
    at Request.EventEmitter.emit (domain.js:475:20)
    at Request.<anonymous> (/Users/tomona_s/.config/yarn/global/node_modules/request/request.js:1154:10)
    at Request.emit (events.js:223:5)
    at Request.EventEmitter.emit (domain.js:475:20)
    at IncomingMessage.<anonymous> (/Users/tomona_s/.config/yarn/global/node_modules/request/request.js:1076:12)
    at Object.onceWrapper (events.js:312:28)
    at IncomingMessage.emit (events.js:228:7)
    at IncomingMessage.EventEmitter.emit (domain.js:475:20)
    at endReadableNT (_stream_readable.js:1185:12)
    at processTicksAndRejections (internal/process/task_queues.js:81:21)
[error] 
[error] Error: Failed to get Firebase project recipe-app-1435a. Please make sure the project exists and your account has permission to access it.
